<?xml version="1.0" encoding="utf-8" standalone="no"?>
<!--This file represents the results of running a test suite-->
<test-results name="c:\source_code\CafeApp\tests\CafeApp.Core.Tests.dll" total="1" errors="0" failures="0" not-run="0" inconclusive="0" ignored="0" skipped="0" invalid="0" date="2017-10-28" time="18:18:40">
  <environment nunit-version="2.6.4.14350" clr-version="2.0.50727.8794" os-version="Microsoft Windows NT 6.2.9200.0" platform="Win32NT" cwd="c:\source_code\CafeApp" machine-name="PERIKARION" user="Piotr" user-domain="perikarion" />
  <culture-info current-culture="pl-PL" current-uiculture="pl-PL" />
  <test-suite type="Assembly" name="c:\source_code\CafeApp\tests\CafeApp.Core.Tests.dll" executed="True" result="Success" success="True" time="0.284" asserts="0">
    <results>
      <test-suite type="Namespace" name="CafeApp" executed="True" result="Success" success="True" time="0.273" asserts="0">
        <results>
          <test-suite type="Namespace" name="Core" executed="True" result="Success" success="True" time="0.272" asserts="0">
            <results>
              <test-suite type="Namespace" name="Tests" executed="True" result="Success" success="True" time="0.271" asserts="0">
                <results>
                  <test-suite type="TestFixture" name="UnitTests" executed="True" result="Success" success="True" time="0.269" asserts="0">
                    <results>
                      <test-case name="CafeApp.Core.Tests.UnitTests.Sample Test" executed="True" result="Success" success="True" time="0.248" asserts="1" />
                    </results>
                  </test-suite>
                </results>
              </test-suite>
            </results>
          </test-suite>
        </results>
      </test-suite>
    </results>
  </test-suite>
</test-results>